0 info it worked if it ends with ok
1 verbose cli [ 'C:\\Program Files\\nodejs\\node.exe',
1 verbose cli   'C:\\Users\\stefan.trajkovic\\AppData\\Roaming\\npm\\node_modules\\npm\\bin\\npm-cli.js',
1 verbose cli   'run',
1 verbose cli   'json' ]
2 info using npm@4.0.5
3 info using node@v7.5.0
4 verbose run-script [ 'prejson', 'json', 'postjson' ]
5 info lifecycle @~prejson: @
6 silly lifecycle @~prejson: no script for prejson, continuing
7 info lifecycle @~json: @
8 verbose lifecycle @~json: unsafe-perm in lifecycle true
9 verbose lifecycle @~json: PATH: C:\Users\stefan.trajkovic\AppData\Roaming\npm\node_modules\npm\bin\node-gyp-bin;C:\Users\stefan.trajkovic\Desktop\data-binding\node_modules\.bin;C:\Users\stefan.trajkovic\AppData\Roaming\npm\node_modules\npm\bin\node-gyp-bin;C:\Users\stefan.trajkovic\Desktop\data-binding\node_modules\.bin;C:\ProgramData\Oracle\Java\javapath;C:\WINDOWS\system32;C:\WINDOWS;C:\WINDOWS\System32\Wbem;C:\WINDOWS\System32\WindowsPowerShell\v1.0\;C:\Program Files (x86)\Skype\Phone\;C:\Program Files\Git\cmd;C:\Program Files (x86)\Deployd\bin;C:\Program Files\nodejs\;C:\Users\stefan.trajkovic\AppData\Local\atom\bin;C:\Users\stefan.trajkovic\AppData\Local\Microsoft\WindowsApps;C:\Users\stefan.trajkovic\AppData\Roaming\npm
10 verbose lifecycle @~json: CWD: C:\Users\stefan.trajkovic\Desktop\data-binding
11 silly lifecycle @~json: Args: [ '/d /s /c', 'json-server --p 3500 restData.js' ]
12 silly lifecycle @~json: Returned: code: 1  signal: null
13 info lifecycle @~json: Failed to exec json script
14 verbose stack Error: @ json: `json-server --p 3500 restData.js`
14 verbose stack Exit status 1
14 verbose stack     at EventEmitter.<anonymous> (C:\Users\stefan.trajkovic\AppData\Roaming\npm\node_modules\npm\lib\utils\lifecycle.js:279:16)
14 verbose stack     at emitTwo (events.js:106:13)
14 verbose stack     at EventEmitter.emit (events.js:192:7)
14 verbose stack     at ChildProcess.<anonymous> (C:\Users\stefan.trajkovic\AppData\Roaming\npm\node_modules\npm\lib\utils\spawn.js:40:14)
14 verbose stack     at emitTwo (events.js:106:13)
14 verbose stack     at ChildProcess.emit (events.js:192:7)
14 verbose stack     at maybeClose (internal/child_process.js:890:16)
14 verbose stack     at Process.ChildProcess._handle.onexit (internal/child_process.js:226:5)
15 verbose pkgid @
16 verbose cwd C:\Users\stefan.trajkovic\Desktop\data-binding
17 error Windows_NT 10.0.14393
18 error argv "C:\\Program Files\\nodejs\\node.exe" "C:\\Users\\stefan.trajkovic\\AppData\\Roaming\\npm\\node_modules\\npm\\bin\\npm-cli.js" "run" "json"
19 error node v7.5.0
20 error npm  v4.0.5
21 error code ELIFECYCLE
22 error @ json: `json-server --p 3500 restData.js`
22 error Exit status 1
23 error Failed at the @ json script 'json-server --p 3500 restData.js'.
23 error Make sure you have the latest version of node.js and npm installed.
23 error If you do, this is most likely a problem with the  package,
23 error not with npm itself.
23 error Tell the author that this fails on your system:
23 error     json-server --p 3500 restData.js
23 error You can get information on how to open an issue for this project with:
23 error     npm bugs
23 error Or if that isn't available, you can get their info via:
23 error     npm owner ls
23 error There is likely additional logging output above.
24 verbose exit [ 1, true ]
